# JRE version: Java(TM) SE Runtime Environment (16.0.1+9) (build 16.0.1+9-24)
# Java VM: Java HotSpot(TM) 64-Bit Server VM (16.0.1+9-24, mixed mode, sharing, tiered, compressed oops, compressed class ptrs, g1 gc, windows-amd64)
GC Precious Log:
 CPUs: 2 total, 2 available
 Memory: 3918M
 Large Page Support: Disabled
 NUMA Support: Disabled
 Compressed Oops: Enabled (32-bit)
 Heap Region Size: 1M
 Heap Min Capacity: 8M
 Heap Initial Capacity: 8M
 Heap Max Capacity: 980M
 Pre-touch: Disabled
 Parallel Workers: 2
 Concurrent Workers: 1
 Concurrent Refinement Workers: 2
 Periodic GC: Disabled
Heap:
 garbage-first heap   total 10240K, used 4452K [0x00000000c2c00000, 0x0000000100000000)
  region size 1024K, 1 young (1024K), 1 survivors (1024K)
 Metaspace       used 8979K, committed 9088K, reserved 1064960K
  class space    used 999K, committed 1024K, reserved 1048576K
GC Heap History (17 events):
Event: 0.503 GC heap before
{Heap before GC invocations=0 (full 0):
 garbage-first heap   total 8192K, used 3072K [0x00000000c2c00000, 0x0000000100000000)
  region size 1024K, 3 young (3072K), 0 survivors (0K)
 Metaspace       used 2483K, committed 2688K, reserved 1056768K
  class space    used 269K, committed 384K, reserved 1048576K
}
Event: 0.508 GC heap after
{Heap after GC invocations=1 (full 0):
 garbage-first heap   total 8192K, used 1102K [0x00000000c2c00000, 0x0000000100000000)
  region size 1024K, 1 young (1024K), 1 survivors (1024K)
 Metaspace       used 2483K, committed 2688K, reserved 1056768K
  class space    used 269K, committed 384K, reserved 1048576K
}
Event: 0.624 GC heap before
{Heap before GC invocations=1 (full 0):
 garbage-first heap   total 8192K, used 2126K [0x00000000c2c00000, 0x0000000100000000)
  region size 1024K, 2 young (2048K), 1 survivors (1024K)
 Metaspace       used 3868K, committed 4032K, reserved 1056768K
  class space    used 472K, committed 576K, reserved 1048576K
}
Event: 0.628 GC heap after
{Heap after GC invocations=2 (full 0):
 garbage-first heap   total 8192K, used 1628K [0x00000000c2c00000, 0x0000000100000000)
  region size 1024K, 1 young (1024K), 1 survivors (1024K)
 Metaspace       used 3868K, committed 4032K, reserved 1056768K
  class space    used 472K, committed 576K, reserved 1048576K
}
Event: 0.777 GC heap before
{Heap before GC invocations=2 (full 0):
 garbage-first heap   total 8192K, used 2652K [0x00000000c2c00000, 0x0000000100000000)
  region size 1024K, 2 young (2048K), 1 survivors (1024K)
 Metaspace       used 5954K, committed 6080K, reserved 1064960K
  class space    used 684K, committed 768K, reserved 1048576K
}
Event: 0.779 GC heap after
{Heap after GC invocations=3 (full 0):
 garbage-first heap   total 8192K, used 1947K [0x00000000c2c00000, 0x0000000100000000)
  region size 1024K, 1 young (1024K), 1 survivors (1024K)
 Metaspace       used 5954K, committed 6080K, reserved 1064960K
  class space    used 684K, committed 768K, reserved 1048576K
}
Event: 0.871 GC heap before
{Heap before GC invocations=3 (full 0):
 garbage-first heap   total 8192K, used 2971K [0x00000000c2c00000, 0x0000000100000000)
  region size 1024K, 2 young (2048K), 1 survivors (1024K)
 Metaspace       used 6983K, committed 7168K, reserved 1064960K
  class space    used 819K, committed 896K, reserved 1048576K
}
Event: 0.874 GC heap after
{Heap after GC invocations=4 (full 0):
 garbage-first heap   total 8192K, used 2319K [0x00000000c2c00000, 0x0000000100000000)
  region size 1024K, 1 young (1024K), 1 survivors (1024K)
 Metaspace       used 6983K, committed 7168K, reserved 1064960K
  class space    used 819K, committed 896K, reserved 1048576K
}
Event: 1.050 GC heap before
{Heap before GC invocations=4 (full 0):
 garbage-first heap   total 8192K, used 2319K [0x00000000c2c00000, 0x0000000100000000)
  region size 1024K, 2 young (2048K), 1 survivors (1024K)
 Metaspace       used 7756K, committed 7936K, reserved 1064960K
  class space    used 863K, committed 960K, reserved 1048576K
}
Event: 1.052 GC heap after
{Heap after GC invocations=5 (full 0):
 garbage-first heap   total 10240K, used 2565K [0x00000000c2c00000, 0x0000000100000000)
  region size 1024K, 1 young (1024K), 1 survivors (1024K)
 Metaspace       used 7756K, committed 7936K, reserved 1064960K
  class space    used 863K, committed 960K, reserved 1048576K
}
Event: 1.323 GC heap before
{Heap before GC invocations=5 (full 0):
 garbage-first heap   total 10240K, used 4613K [0x00000000c2c00000, 0x0000000100000000)
  region size 1024K, 3 young (3072K), 1 survivors (1024K)
 Metaspace       used 8211K, committed 8384K, reserved 1064960K
  class space    used 908K, committed 1024K, reserved 1048576K
}
Event: 1.326 GC heap after
{Heap after GC invocations=6 (full 0):
 garbage-first heap   total 10240K, used 3098K [0x00000000c2c00000, 0x0000000100000000)
  region size 1024K, 1 young (1024K), 1 survivors (1024K)
 Metaspace       used 8211K, committed 8384K, reserved 1064960K
  class space    used 908K, committed 1024K, reserved 1048576K
}
Event: 1.534 GC heap before
{Heap before GC invocations=6 (full 0):
 garbage-first heap   total 10240K, used 4122K [0x00000000c2c00000, 0x0000000100000000)
  region size 1024K, 3 young (3072K), 1 survivors (1024K)
 Metaspace       used 8816K, committed 8960K, reserved 1064960K
  class space    used 981K, committed 1024K, reserved 1048576K
}
Event: 1.545 GC heap after
{Heap after GC invocations=7 (full 0):
 garbage-first heap   total 10240K, used 4268K [0x00000000c2c00000, 0x0000000100000000)
  region size 1024K, 1 young (1024K), 1 survivors (1024K)
 Metaspace       used 8816K, committed 8960K, reserved 1064960K
  class space    used 981K, committed 1024K, reserved 1048576K
}
Event: 1.608 GC heap before
{Heap before GC invocations=7 (full 0):
 garbage-first heap   total 10240K, used 5292K [0x00000000c2c00000, 0x0000000100000000)
  region size 1024K, 2 young (2048K), 1 survivors (1024K)
 Metaspace       used 8930K, committed 9024K, reserved 1064960K
  class space    used 997K, committed 1024K, reserved 1048576K
}
Event: 1.616 GC heap after
{Heap after GC invocations=8 (full 0):
 garbage-first heap   total 10240K, used 4313K [0x00000000c2c00000, 0x0000000100000000)
  region size 1024K, 1 young (1024K), 1 survivors (1024K)
 Metaspace       used 8930K, committed 9024K, reserved 1064960K
  class space    used 997K, committed 1024K, reserved 1048576K
}
Event: 1.656 GC heap before
{Heap before GC invocations=8 (full 0):
 garbage-first heap   total 10240K, used 5337K [0x00000000c2c00000, 0x0000000100000000)
  region size 1024K, 2 young (2048K), 1 survivors (1024K)
 Metaspace       used 8979K, committed 9088K, reserved 1064960K
  class space    used 999K, committed 1024K, reserved 1048576K
}

