# JRE version: Java(TM) SE Runtime Environment (16.0.1+9) (build 16.0.1+9-24)
# Java VM: Java HotSpot(TM) 64-Bit Server VM (16.0.1+9-24, mixed mode, sharing, tiered, compressed oops, compressed class ptrs, g1 gc, windows-amd64)
GC Precious Log:
 CPUs: 2 total, 2 available
 Memory: 3918M
 Large Page Support: Disabled
 NUMA Support: Disabled
 Compressed Oops: Enabled (32-bit)
 Heap Region Size: 1M
 Heap Min Capacity: 8M
 Heap Initial Capacity: 8M
 Heap Max Capacity: 980M
 Pre-touch: Disabled
 Parallel Workers: 2
 Concurrent Workers: 1
 Concurrent Refinement Workers: 2
 Periodic GC: Disabled
Heap:
 garbage-first heap   total 12288K, used 4979K [0x00000000c2c00000, 0x0000000100000000)
  region size 1024K, 1 young (1024K), 1 survivors (1024K)
 Metaspace       used 9231K, committed 9344K, reserved 1064960K
  class space    used 1028K, committed 1088K, reserved 1048576K
GC Heap History (20 events):
Event: 3.276 GC heap after
{Heap after GC invocations=2 (full 0):
 garbage-first heap   total 8192K, used 1622K [0x00000000c2c00000, 0x0000000100000000)
  region size 1024K, 1 young (1024K), 1 survivors (1024K)
 Metaspace       used 3890K, committed 4032K, reserved 1056768K
  class space    used 473K, committed 576K, reserved 1048576K
}
Event: 3.503 GC heap before
{Heap before GC invocations=2 (full 0):
 garbage-first heap   total 8192K, used 2646K [0x00000000c2c00000, 0x0000000100000000)
  region size 1024K, 2 young (2048K), 1 survivors (1024K)
 Metaspace       used 5955K, committed 6080K, reserved 1064960K
  class space    used 685K, committed 768K, reserved 1048576K
}
Event: 3.510 GC heap after
{Heap after GC invocations=3 (full 0):
 garbage-first heap   total 8192K, used 1943K [0x00000000c2c00000, 0x0000000100000000)
  region size 1024K, 1 young (1024K), 1 survivors (1024K)
 Metaspace       used 5955K, committed 6080K, reserved 1064960K
  class space    used 685K, committed 768K, reserved 1048576K
}
Event: 3.701 GC heap before
{Heap before GC invocations=3 (full 0):
 garbage-first heap   total 8192K, used 1943K [0x00000000c2c00000, 0x0000000100000000)
  region size 1024K, 2 young (2048K), 1 survivors (1024K)
 Metaspace       used 6960K, committed 7104K, reserved 1064960K
  class space    used 819K, committed 896K, reserved 1048576K
}
Event: 3.703 GC heap after
{Heap after GC invocations=4 (full 0):
 garbage-first heap   total 8192K, used 2299K [0x00000000c2c00000, 0x0000000100000000)
  region size 1024K, 1 young (1024K), 1 survivors (1024K)
 Metaspace       used 6960K, committed 7104K, reserved 1064960K
  class space    used 819K, committed 896K, reserved 1048576K
}
Event: 4.222 GC heap before
{Heap before GC invocations=4 (full 0):
 garbage-first heap   total 8192K, used 3323K [0x00000000c2c00000, 0x0000000100000000)
  region size 1024K, 2 young (2048K), 1 survivors (1024K)
 Metaspace       used 7756K, committed 7936K, reserved 1064960K
  class space    used 864K, committed 960K, reserved 1048576K
}
Event: 4.225 GC heap after
{Heap after GC invocations=5 (full 0):
 garbage-first heap   total 8192K, used 2551K [0x00000000c2c00000, 0x0000000100000000)
  region size 1024K, 1 young (1024K), 1 survivors (1024K)
 Metaspace       used 7756K, committed 7936K, reserved 1064960K
  class space    used 864K, committed 960K, reserved 1048576K
}
Event: 4.375 GC heap before
{Heap before GC invocations=5 (full 0):
 garbage-first heap   total 8192K, used 3575K [0x00000000c2c00000, 0x0000000100000000)
  region size 1024K, 2 young (2048K), 1 survivors (1024K)
 Metaspace       used 7927K, committed 8128K, reserved 1064960K
  class space    used 883K, committed 960K, reserved 1048576K
}
Event: 4.378 GC heap after
{Heap after GC invocations=6 (full 0):
 garbage-first heap   total 8192K, used 2794K [0x00000000c2c00000, 0x0000000100000000)
  region size 1024K, 1 young (1024K), 1 survivors (1024K)
 Metaspace       used 7927K, committed 8128K, reserved 1064960K
  class space    used 883K, committed 960K, reserved 1048576K
}
Event: 4.525 GC heap before
{Heap before GC invocations=6 (full 0):
 garbage-first heap   total 8192K, used 3818K [0x00000000c2c00000, 0x0000000100000000)
  region size 1024K, 2 young (2048K), 1 survivors (1024K)
 Metaspace       used 8212K, committed 8384K, reserved 1064960K
  class space    used 909K, committed 1024K, reserved 1048576K
}
Event: 4.528 GC heap after
{Heap after GC invocations=7 (full 0):
 garbage-first heap   total 10240K, used 3096K [0x00000000c2c00000, 0x0000000100000000)
  region size 1024K, 1 young (1024K), 1 survivors (1024K)
 Metaspace       used 8212K, committed 8384K, reserved 1064960K
  class space    used 909K, committed 1024K, reserved 1048576K
}
Event: 4.727 GC heap before
{Heap before GC invocations=7 (full 0):
 garbage-first heap   total 10240K, used 5144K [0x00000000c2c00000, 0x0000000100000000)
  region size 1024K, 3 young (3072K), 1 survivors (1024K)
 Metaspace       used 8759K, committed 8896K, reserved 1064960K
  class space    used 982K, committed 1024K, reserved 1048576K
}
Event: 4.732 GC heap after
{Heap after GC invocations=8 (full 0):
 garbage-first heap   total 10240K, used 4156K [0x00000000c2c00000, 0x0000000100000000)
  region size 1024K, 1 young (1024K), 1 survivors (1024K)
 Metaspace       used 8759K, committed 8896K, reserved 1064960K
  class space    used 982K, committed 1024K, reserved 1048576K
}
Event: 4.796 GC heap before
{Heap before GC invocations=8 (full 0):
 garbage-first heap   total 10240K, used 5180K [0x00000000c2c00000, 0x0000000100000000)
  region size 1024K, 2 young (2048K), 1 survivors (1024K)
 Metaspace       used 8931K, committed 9024K, reserved 1064960K
  class space    used 998K, committed 1024K, reserved 1048576K
}
Event: 4.801 GC heap after
{Heap after GC invocations=9 (full 0):
 garbage-first heap   total 10240K, used 4374K [0x00000000c2c00000, 0x0000000100000000)
  region size 1024K, 1 young (1024K), 1 survivors (1024K)
 Metaspace       used 8931K, committed 9024K, reserved 1064960K
  class space    used 998K, committed 1024K, reserved 1048576K
}
Event: 4.848 GC heap before
{Heap before GC invocations=9 (full 0):
 garbage-first heap   total 10240K, used 5398K [0x00000000c2c00000, 0x0000000100000000)
  region size 1024K, 2 young (2048K), 1 survivors (1024K)
 Metaspace       used 8968K, committed 9088K, reserved 1064960K
  class space    used 1001K, committed 1024K, reserved 1048576K
}
Event: 4.850 GC heap after
{Heap after GC invocations=10 (full 0):
 garbage-first heap   total 10240K, used 4483K [0x00000000c2c00000, 0x0000000100000000)
  region size 1024K, 1 young (1024K), 1 survivors (1024K)
 Metaspace       used 8968K, committed 9088K, reserved 1064960K
  class space    used 1001K, committed 1024K, reserved 1048576K
}
Event: 4.880 GC heap before
{Heap before GC invocations=11 (full 0):
 garbage-first heap   total 12288K, used 5507K [0x00000000c2c00000, 0x0000000100000000)
  region size 1024K, 2 young (2048K), 1 survivors (1024K)
 Metaspace       used 8979K, committed 9088K, reserved 1064960K
  class space    used 1001K, committed 1024K, reserved 1048576K
}
Event: 4.882 GC heap after
{Heap after GC invocations=12 (full 0):
 garbage-first heap   total 12288K, used 4527K [0x00000000c2c00000, 0x0000000100000000)
  region size 1024K, 1 young (1024K), 1 survivors (1024K)
 Metaspace       used 8979K, committed 9088K, reserved 1064960K
  class space    used 1001K, committed 1024K, reserved 1048576K
}
Event: 5.033 GC heap before
{Heap before GC invocations=12 (full 0):
 garbage-first heap   total 12288K, used 6575K [0x00000000c2c00000, 0x0000000100000000)
  region size 1024K, 3 young (3072K), 1 survivors (1024K)
 Metaspace       used 9231K, committed 9344K, reserved 1064960K
  class space    used 1028K, committed 1088K, reserved 1048576K
}

