# JRE version: Java(TM) SE Runtime Environment (16.0.1+9) (build 16.0.1+9-24)
# Java VM: Java HotSpot(TM) 64-Bit Server VM (16.0.1+9-24, mixed mode, sharing, tiered, compressed oops, compressed class ptrs, g1 gc, windows-amd64)
GC Precious Log:
 CPUs: 2 total, 2 available
 Memory: 3918M
 Large Page Support: Disabled
 NUMA Support: Disabled
 Compressed Oops: Enabled (32-bit)
 Heap Region Size: 1M
 Heap Min Capacity: 8M
 Heap Initial Capacity: 8M
 Heap Max Capacity: 980M
 Pre-touch: Disabled
 Parallel Workers: 2
 Concurrent Workers: 1
 Concurrent Refinement Workers: 2
 Periodic GC: Disabled
Heap:
 garbage-first heap   total 17408K, used 8942K [0x00000000c2c00000, 0x0000000100000000)
  region size 1024K, 1 young (1024K), 1 survivors (1024K)
 Metaspace       used 9555K, committed 9664K, reserved 1064960K
  class space    used 1045K, committed 1088K, reserved 1048576K
GC Heap History (20 events):
Event: 3.452 GC heap after
{Heap after GC invocations=7 (full 0):
 garbage-first heap   total 10240K, used 3443K [0x00000000c2c00000, 0x0000000100000000)
  region size 1024K, 1 young (1024K), 1 survivors (1024K)
 Metaspace       used 8551K, committed 8704K, reserved 1064960K
  class space    used 951K, committed 1024K, reserved 1048576K
}
Event: 4.083 GC heap before
{Heap before GC invocations=7 (full 0):
 garbage-first heap   total 10240K, used 5491K [0x00000000c2c00000, 0x0000000100000000)
  region size 1024K, 3 young (3072K), 1 survivors (1024K)
 Metaspace       used 8924K, committed 9024K, reserved 1064960K
  class space    used 997K, committed 1024K, reserved 1048576K
}
Event: 4.089 GC heap after
{Heap after GC invocations=8 (full 0):
 garbage-first heap   total 10240K, used 4329K [0x00000000c2c00000, 0x0000000100000000)
  region size 1024K, 1 young (1024K), 1 survivors (1024K)
 Metaspace       used 8924K, committed 9024K, reserved 1064960K
  class space    used 997K, committed 1024K, reserved 1048576K
}
Event: 4.121 GC heap before
{Heap before GC invocations=8 (full 0):
 garbage-first heap   total 10240K, used 5353K [0x00000000c2c00000, 0x0000000100000000)
  region size 1024K, 2 young (2048K), 1 survivors (1024K)
 Metaspace       used 8956K, committed 9088K, reserved 1064960K
  class space    used 999K, committed 1024K, reserved 1048576K
}
Event: 4.123 GC heap after
{Heap after GC invocations=9 (full 0):
 garbage-first heap   total 10240K, used 4549K [0x00000000c2c00000, 0x0000000100000000)
  region size 1024K, 1 young (1024K), 1 survivors (1024K)
 Metaspace       used 8956K, committed 9088K, reserved 1064960K
  class space    used 999K, committed 1024K, reserved 1048576K
}
Event: 4.139 GC heap before
{Heap before GC invocations=9 (full 0):
 garbage-first heap   total 10240K, used 5573K [0x00000000c2c00000, 0x0000000100000000)
  region size 1024K, 2 young (2048K), 1 survivors (1024K)
 Metaspace       used 8973K, committed 9088K, reserved 1064960K
  class space    used 1000K, committed 1024K, reserved 1048576K
}
Event: 4.140 GC heap after
{Heap after GC invocations=10 (full 0):
 garbage-first heap   total 10240K, used 4547K [0x00000000c2c00000, 0x0000000100000000)
  region size 1024K, 1 young (1024K), 1 survivors (1024K)
 Metaspace       used 8973K, committed 9088K, reserved 1064960K
  class space    used 1000K, committed 1024K, reserved 1048576K
}
Event: 4.273 GC heap before
{Heap before GC invocations=11 (full 0):
 garbage-first heap   total 12288K, used 5571K [0x00000000c2c00000, 0x0000000100000000)
  region size 1024K, 2 young (2048K), 1 survivors (1024K)
 Metaspace       used 9127K, committed 9280K, reserved 1064960K
  class space    used 1014K, committed 1088K, reserved 1048576K
}
Event: 4.275 GC heap after
{Heap after GC invocations=12 (full 0):
 garbage-first heap   total 12288K, used 4705K [0x00000000c2c00000, 0x0000000100000000)
  region size 1024K, 1 young (1024K), 1 survivors (1024K)
 Metaspace       used 9127K, committed 9280K, reserved 1064960K
  class space    used 1014K, committed 1088K, reserved 1048576K
}
Event: 4.373 GC heap before
{Heap before GC invocations=12 (full 0):
 garbage-first heap   total 12288K, used 6753K [0x00000000c2c00000, 0x0000000100000000)
  region size 1024K, 3 young (3072K), 1 survivors (1024K)
 Metaspace       used 9301K, committed 9408K, reserved 1064960K
  class space    used 1038K, committed 1088K, reserved 1048576K
}
Event: 4.376 GC heap after
{Heap after GC invocations=13 (full 0):
 garbage-first heap   total 12288K, used 5117K [0x00000000c2c00000, 0x0000000100000000)
  region size 1024K, 1 young (1024K), 1 survivors (1024K)
 Metaspace       used 9301K, committed 9408K, reserved 1064960K
  class space    used 1038K, committed 1088K, reserved 1048576K
}
Event: 4.449 GC heap before
{Heap before GC invocations=13 (full 0):
 garbage-first heap   total 12288K, used 7165K [0x00000000c2c00000, 0x0000000100000000)
  region size 1024K, 3 young (3072K), 1 survivors (1024K)
 Metaspace       used 9348K, committed 9536K, reserved 1064960K
  class space    used 1038K, committed 1088K, reserved 1048576K
}
Event: 4.453 GC heap after
{Heap after GC invocations=14 (full 0):
 garbage-first heap   total 17408K, used 5557K [0x00000000c2c00000, 0x0000000100000000)
  region size 1024K, 1 young (1024K), 1 survivors (1024K)
 Metaspace       used 9348K, committed 9536K, reserved 1064960K
  class space    used 1038K, committed 1088K, reserved 1048576K
}
Event: 4.557 GC heap before
{Heap before GC invocations=14 (full 0):
 garbage-first heap   total 17408K, used 10677K [0x00000000c2c00000, 0x0000000100000000)
  region size 1024K, 6 young (6144K), 1 survivors (1024K)
 Metaspace       used 9399K, committed 9536K, reserved 1064960K
  class space    used 1044K, committed 1088K, reserved 1048576K
}
Event: 4.562 GC heap after
{Heap after GC invocations=15 (full 0):
 garbage-first heap   total 17408K, used 6274K [0x00000000c2c00000, 0x0000000100000000)
  region size 1024K, 1 young (1024K), 1 survivors (1024K)
 Metaspace       used 9399K, committed 9536K, reserved 1064960K
  class space    used 1044K, committed 1088K, reserved 1048576K
}
Event: 4.597 GC heap before
{Heap before GC invocations=15 (full 0):
 garbage-first heap   total 17408K, used 10370K [0x00000000c2c00000, 0x0000000100000000)
  region size 1024K, 5 young (5120K), 1 survivors (1024K)
 Metaspace       used 9401K, committed 9536K, reserved 1064960K
  class space    used 1044K, committed 1088K, reserved 1048576K
}
Event: 4.601 GC heap after
{Heap after GC invocations=16 (full 0):
 garbage-first heap   total 17408K, used 7222K [0x00000000c2c00000, 0x0000000100000000)
  region size 1024K, 1 young (1024K), 1 survivors (1024K)
 Metaspace       used 9401K, committed 9536K, reserved 1064960K
  class space    used 1044K, committed 1088K, reserved 1048576K
}
Event: 4.661 GC heap before
{Heap before GC invocations=16 (full 0):
 garbage-first heap   total 17408K, used 11318K [0x00000000c2c00000, 0x0000000100000000)
  region size 1024K, 5 young (5120K), 1 survivors (1024K)
 Metaspace       used 9425K, committed 9600K, reserved 1064960K
  class space    used 1044K, committed 1088K, reserved 1048576K
}
Event: 4.670 GC heap after
{Heap after GC invocations=17 (full 0):
 garbage-first heap   total 17408K, used 7919K [0x00000000c2c00000, 0x0000000100000000)
  region size 1024K, 1 young (1024K), 1 survivors (1024K)
 Metaspace       used 9425K, committed 9600K, reserved 1064960K
  class space    used 1044K, committed 1088K, reserved 1048576K
}
Event: 4.809 GC heap before
{Heap before GC invocations=17 (full 0):
 garbage-first heap   total 17408K, used 12015K [0x00000000c2c00000, 0x0000000100000000)
  region size 1024K, 5 young (5120K), 1 survivors (1024K)
 Metaspace       used 9555K, committed 9664K, reserved 1064960K
  class space    used 1045K, committed 1088K, reserved 1048576K
}

