# JRE version: Java(TM) SE Runtime Environment (16.0.1+9) (build 16.0.1+9-24)
# Java VM: Java HotSpot(TM) 64-Bit Server VM (16.0.1+9-24, mixed mode, sharing, tiered, compressed oops, compressed class ptrs, g1 gc, windows-amd64)
GC Precious Log:
 CPUs: 2 total, 2 available
 Memory: 3918M
 Large Page Support: Disabled
 NUMA Support: Disabled
 Compressed Oops: Enabled (32-bit)
 Heap Region Size: 1M
 Heap Min Capacity: 8M
 Heap Initial Capacity: 8M
 Heap Max Capacity: 980M
 Pre-touch: Disabled
 Parallel Workers: 2
 Concurrent Workers: 1
 Concurrent Refinement Workers: 2
 Periodic GC: Disabled
Heap:
 garbage-first heap   total 15360K, used 7487K [0x00000000c2c00000, 0x0000000100000000)
  region size 1024K, 1 young (1024K), 1 survivors (1024K)
 Metaspace       used 9401K, committed 9600K, reserved 1064960K
  class space    used 1043K, committed 1088K, reserved 1048576K
GC Heap History (20 events):
Event: 1.786 GC heap after
{Heap after GC invocations=5 (full 0):
 garbage-first heap   total 8192K, used 2571K [0x00000000c2c00000, 0x0000000100000000)
  region size 1024K, 1 young (1024K), 1 survivors (1024K)
 Metaspace       used 7766K, committed 7936K, reserved 1064960K
  class space    used 864K, committed 960K, reserved 1048576K
}
Event: 1.950 GC heap before
{Heap before GC invocations=5 (full 0):
 garbage-first heap   total 8192K, used 3595K [0x00000000c2c00000, 0x0000000100000000)
  region size 1024K, 2 young (2048K), 1 survivors (1024K)
 Metaspace       used 7926K, committed 8128K, reserved 1064960K
  class space    used 883K, committed 960K, reserved 1048576K
}
Event: 1.955 GC heap after
{Heap after GC invocations=6 (full 0):
 garbage-first heap   total 10240K, used 2796K [0x00000000c2c00000, 0x0000000100000000)
  region size 1024K, 1 young (1024K), 1 survivors (1024K)
 Metaspace       used 7926K, committed 8128K, reserved 1064960K
  class space    used 883K, committed 960K, reserved 1048576K
}
Event: 2.226 GC heap before
{Heap before GC invocations=6 (full 0):
 garbage-first heap   total 10240K, used 4844K [0x00000000c2c00000, 0x0000000100000000)
  region size 1024K, 3 young (3072K), 1 survivors (1024K)
 Metaspace       used 8558K, committed 8704K, reserved 1064960K
  class space    used 952K, committed 1024K, reserved 1048576K
}
Event: 2.233 GC heap after
{Heap after GC invocations=7 (full 0):
 garbage-first heap   total 10240K, used 3455K [0x00000000c2c00000, 0x0000000100000000)
  region size 1024K, 1 young (1024K), 1 survivors (1024K)
 Metaspace       used 8558K, committed 8704K, reserved 1064960K
  class space    used 952K, committed 1024K, reserved 1048576K
}
Event: 2.443 GC heap before
{Heap before GC invocations=7 (full 0):
 garbage-first heap   total 10240K, used 5503K [0x00000000c2c00000, 0x0000000100000000)
  region size 1024K, 3 young (3072K), 1 survivors (1024K)
 Metaspace       used 8931K, committed 9024K, reserved 1064960K
  class space    used 998K, committed 1024K, reserved 1048576K
}
Event: 2.447 GC heap after
{Heap after GC invocations=8 (full 0):
 garbage-first heap   total 10240K, used 4318K [0x00000000c2c00000, 0x0000000100000000)
  region size 1024K, 1 young (1024K), 1 survivors (1024K)
 Metaspace       used 8931K, committed 9024K, reserved 1064960K
  class space    used 998K, committed 1024K, reserved 1048576K
}
Event: 2.487 GC heap before
{Heap before GC invocations=8 (full 0):
 garbage-first heap   total 10240K, used 5342K [0x00000000c2c00000, 0x0000000100000000)
  region size 1024K, 2 young (2048K), 1 survivors (1024K)
 Metaspace       used 8979K, committed 9088K, reserved 1064960K
  class space    used 1001K, committed 1024K, reserved 1048576K
}
Event: 2.492 GC heap after
{Heap after GC invocations=9 (full 0):
 garbage-first heap   total 10240K, used 4481K [0x00000000c2c00000, 0x0000000100000000)
  region size 1024K, 1 young (1024K), 1 survivors (1024K)
 Metaspace       used 8979K, committed 9088K, reserved 1064960K
  class space    used 1001K, committed 1024K, reserved 1048576K
}
Event: 2.505 GC heap before
{Heap before GC invocations=9 (full 0):
 garbage-first heap   total 10240K, used 5505K [0x00000000c2c00000, 0x0000000100000000)
  region size 1024K, 2 young (2048K), 1 survivors (1024K)
 Metaspace       used 8996K, committed 9088K, reserved 1064960K
  class space    used 1001K, committed 1024K, reserved 1048576K
}
Event: 2.506 GC heap after
{Heap after GC invocations=10 (full 0):
 garbage-first heap   total 15360K, used 4550K [0x00000000c2c00000, 0x0000000100000000)
  region size 1024K, 1 young (1024K), 1 survivors (1024K)
 Metaspace       used 8996K, committed 9088K, reserved 1064960K
  class space    used 1001K, committed 1024K, reserved 1048576K
}
Event: 2.703 GC heap before
{Heap before GC invocations=11 (full 0):
 garbage-first heap   total 15360K, used 7622K [0x00000000c2c00000, 0x0000000100000000)
  region size 1024K, 4 young (4096K), 1 survivors (1024K)
 Metaspace       used 9296K, committed 9408K, reserved 1064960K
  class space    used 1037K, committed 1088K, reserved 1048576K
}
Event: 2.707 GC heap after
{Heap after GC invocations=12 (full 0):
 garbage-first heap   total 15360K, used 5119K [0x00000000c2c00000, 0x0000000100000000)
  region size 1024K, 1 young (1024K), 1 survivors (1024K)
 Metaspace       used 9296K, committed 9408K, reserved 1064960K
  class space    used 1037K, committed 1088K, reserved 1048576K
}
Event: 2.775 GC heap before
{Heap before GC invocations=12 (full 0):
 garbage-first heap   total 15360K, used 8191K [0x00000000c2c00000, 0x0000000100000000)
  region size 1024K, 4 young (4096K), 1 survivors (1024K)
 Metaspace       used 9343K, committed 9472K, reserved 1064960K
  class space    used 1038K, committed 1088K, reserved 1048576K
}
Event: 2.783 GC heap after
{Heap after GC invocations=13 (full 0):
 garbage-first heap   total 15360K, used 5730K [0x00000000c2c00000, 0x0000000100000000)
  region size 1024K, 1 young (1024K), 1 survivors (1024K)
 Metaspace       used 9343K, committed 9472K, reserved 1064960K
  class space    used 1038K, committed 1088K, reserved 1048576K
}
Event: 2.805 GC heap before
{Heap before GC invocations=13 (full 0):
 garbage-first heap   total 15360K, used 8802K [0x00000000c2c00000, 0x0000000100000000)
  region size 1024K, 4 young (4096K), 1 survivors (1024K)
 Metaspace       used 9346K, committed 9472K, reserved 1064960K
  class space    used 1038K, committed 1088K, reserved 1048576K
}
Event: 2.808 GC heap after
{Heap after GC invocations=14 (full 0):
 garbage-first heap   total 15360K, used 6216K [0x00000000c2c00000, 0x0000000100000000)
  region size 1024K, 1 young (1024K), 1 survivors (1024K)
 Metaspace       used 9346K, committed 9472K, reserved 1064960K
  class space    used 1038K, committed 1088K, reserved 1048576K
}
Event: 2.864 GC heap before
{Heap before GC invocations=14 (full 0):
 garbage-first heap   total 15360K, used 9288K [0x00000000c2c00000, 0x0000000100000000)
  region size 1024K, 4 young (4096K), 1 survivors (1024K)
 Metaspace       used 9396K, committed 9600K, reserved 1064960K
  class space    used 1043K, committed 1088K, reserved 1048576K
}
Event: 2.867 GC heap after
{Heap after GC invocations=15 (full 0):
 garbage-first heap   total 15360K, used 6783K [0x00000000c2c00000, 0x0000000100000000)
  region size 1024K, 1 young (1024K), 1 survivors (1024K)
 Metaspace       used 9396K, committed 9600K, reserved 1064960K
  class space    used 1043K, committed 1088K, reserved 1048576K
}
Event: 2.895 GC heap before
{Heap before GC invocations=15 (full 0):
 garbage-first heap   total 15360K, used 9855K [0x00000000c2c00000, 0x0000000100000000)
  region size 1024K, 4 young (4096K), 1 survivors (1024K)
 Metaspace       used 9401K, committed 9600K, reserved 1064960K
  class space    used 1043K, committed 1088K, reserved 1048576K
}

