# JRE version: Java(TM) SE Runtime Environment (16.0.1+9) (build 16.0.1+9-24)
# Java VM: Java HotSpot(TM) 64-Bit Server VM (16.0.1+9-24, mixed mode, sharing, tiered, compressed oops, compressed class ptrs, g1 gc, windows-amd64)
GC Precious Log:
 CPUs: 2 total, 2 available
 Memory: 3918M
 Large Page Support: Disabled
 NUMA Support: Disabled
 Compressed Oops: Enabled (32-bit)
 Heap Region Size: 1M
 Heap Min Capacity: 8M
 Heap Initial Capacity: 8M
 Heap Max Capacity: 980M
 Pre-touch: Disabled
 Parallel Workers: 2
 Concurrent Workers: 1
 Concurrent Refinement Workers: 2
 Periodic GC: Disabled
Heap:
 garbage-first heap   total 15360K, used 6443K [0x00000000c2c00000, 0x0000000100000000)
  region size 1024K, 1 young (1024K), 1 survivors (1024K)
 Metaspace       used 8959K, committed 9152K, reserved 1064960K
  class space    used 990K, committed 1088K, reserved 1048576K
GC Heap History (20 events):
Event: 1.551 GC heap after
{Heap after GC invocations=5 (full 0):
 garbage-first heap   total 8192K, used 2515K [0x00000000c2c00000, 0x0000000100000000)
  region size 1024K, 1 young (1024K), 1 survivors (1024K)
 Metaspace       used 7724K, committed 7872K, reserved 1064960K
  class space    used 861K, committed 960K, reserved 1048576K
}
Event: 1.678 GC heap before
{Heap before GC invocations=5 (full 0):
 garbage-first heap   total 8192K, used 3539K [0x00000000c2c00000, 0x0000000100000000)
  region size 1024K, 2 young (2048K), 1 survivors (1024K)
 Metaspace       used 8037K, committed 8192K, reserved 1064960K
  class space    used 892K, committed 960K, reserved 1048576K
}
Event: 1.682 GC heap after
{Heap after GC invocations=6 (full 0):
 garbage-first heap   total 8192K, used 2771K [0x00000000c2c00000, 0x0000000100000000)
  region size 1024K, 1 young (1024K), 1 survivors (1024K)
 Metaspace       used 8037K, committed 8192K, reserved 1064960K
  class space    used 892K, committed 960K, reserved 1048576K
}
Event: 1.756 GC heap before
{Heap before GC invocations=6 (full 0):
 garbage-first heap   total 8192K, used 3795K [0x00000000c2c00000, 0x0000000100000000)
  region size 1024K, 2 young (2048K), 1 survivors (1024K)
 Metaspace       used 8148K, committed 8384K, reserved 1064960K
  class space    used 903K, committed 1024K, reserved 1048576K
}
Event: 1.761 GC heap after
{Heap after GC invocations=7 (full 0):
 garbage-first heap   total 10240K, used 3157K [0x00000000c2c00000, 0x0000000100000000)
  region size 1024K, 1 young (1024K), 1 survivors (1024K)
 Metaspace       used 8148K, committed 8384K, reserved 1064960K
  class space    used 903K, committed 1024K, reserved 1048576K
}
Event: 1.851 GC heap before
{Heap before GC invocations=7 (full 0):
 garbage-first heap   total 10240K, used 5205K [0x00000000c2c00000, 0x0000000100000000)
  region size 1024K, 3 young (3072K), 1 survivors (1024K)
 Metaspace       used 8326K, committed 8512K, reserved 1064960K
  class space    used 924K, committed 1024K, reserved 1048576K
}
Event: 1.855 GC heap after
{Heap after GC invocations=8 (full 0):
 garbage-first heap   total 10240K, used 3604K [0x00000000c2c00000, 0x0000000100000000)
  region size 1024K, 1 young (1024K), 1 survivors (1024K)
 Metaspace       used 8326K, committed 8512K, reserved 1064960K
  class space    used 924K, committed 1024K, reserved 1048576K
}
Event: 1.943 GC heap before
{Heap before GC invocations=8 (full 0):
 garbage-first heap   total 10240K, used 5652K [0x00000000c2c00000, 0x0000000100000000)
  region size 1024K, 3 young (3072K), 1 survivors (1024K)
 Metaspace       used 8544K, committed 8704K, reserved 1064960K
  class space    used 943K, committed 1024K, reserved 1048576K
}
Event: 1.948 GC heap after
{Heap after GC invocations=9 (full 0):
 garbage-first heap   total 10240K, used 3861K [0x00000000c2c00000, 0x0000000100000000)
  region size 1024K, 1 young (1024K), 1 survivors (1024K)
 Metaspace       used 8544K, committed 8704K, reserved 1064960K
  class space    used 943K, committed 1024K, reserved 1048576K
}
Event: 2.057 GC heap before
{Heap before GC invocations=9 (full 0):
 garbage-first heap   total 10240K, used 5909K [0x00000000c2c00000, 0x0000000100000000)
  region size 1024K, 3 young (3072K), 1 survivors (1024K)
 Metaspace       used 8704K, committed 8896K, reserved 1064960K
  class space    used 965K, committed 1088K, reserved 1048576K
}
Event: 2.060 GC heap after
{Heap after GC invocations=10 (full 0):
 garbage-first heap   total 10240K, used 4228K [0x00000000c2c00000, 0x0000000100000000)
  region size 1024K, 1 young (1024K), 1 survivors (1024K)
 Metaspace       used 8704K, committed 8896K, reserved 1064960K
  class space    used 965K, committed 1088K, reserved 1048576K
}
Event: 2.128 GC heap before
{Heap before GC invocations=10 (full 0):
 garbage-first heap   total 10240K, used 6276K [0x00000000c2c00000, 0x0000000100000000)
  region size 1024K, 3 young (3072K), 1 survivors (1024K)
 Metaspace       used 8907K, committed 9088K, reserved 1064960K
  class space    used 985K, committed 1088K, reserved 1048576K
}
Event: 2.132 GC heap after
{Heap after GC invocations=11 (full 0):
 garbage-first heap   total 15360K, used 4642K [0x00000000c2c00000, 0x0000000100000000)
  region size 1024K, 1 young (1024K), 1 survivors (1024K)
 Metaspace       used 8907K, committed 9088K, reserved 1064960K
  class space    used 985K, committed 1088K, reserved 1048576K
}
Event: 2.177 GC heap before
{Heap before GC invocations=11 (full 0):
 garbage-first heap   total 15360K, used 8738K [0x00000000c2c00000, 0x0000000100000000)
  region size 1024K, 5 young (5120K), 1 survivors (1024K)
 Metaspace       used 8912K, committed 9088K, reserved 1064960K
  class space    used 985K, committed 1088K, reserved 1048576K
}
Event: 2.182 GC heap after
{Heap after GC invocations=12 (full 0):
 garbage-first heap   total 15360K, used 5292K [0x00000000c2c00000, 0x0000000100000000)
  region size 1024K, 1 young (1024K), 1 survivors (1024K)
 Metaspace       used 8912K, committed 9088K, reserved 1064960K
  class space    used 985K, committed 1088K, reserved 1048576K
}
Event: 2.204 GC heap before
{Heap before GC invocations=12 (full 0):
 garbage-first heap   total 15360K, used 8364K [0x00000000c2c00000, 0x0000000100000000)
  region size 1024K, 4 young (4096K), 1 survivors (1024K)
 Metaspace       used 8913K, committed 9088K, reserved 1064960K
  class space    used 985K, committed 1088K, reserved 1048576K
}
Event: 2.207 GC heap after
{Heap after GC invocations=13 (full 0):
 garbage-first heap   total 15360K, used 5663K [0x00000000c2c00000, 0x0000000100000000)
  region size 1024K, 1 young (1024K), 1 survivors (1024K)
 Metaspace       used 8913K, committed 9088K, reserved 1064960K
  class space    used 985K, committed 1088K, reserved 1048576K
}
Event: 2.233 GC heap before
{Heap before GC invocations=13 (full 0):
 garbage-first heap   total 15360K, used 8735K [0x00000000c2c00000, 0x0000000100000000)
  region size 1024K, 4 young (4096K), 1 survivors (1024K)
 Metaspace       used 8920K, committed 9088K, reserved 1064960K
  class space    used 985K, committed 1088K, reserved 1048576K
}
Event: 2.235 GC heap after
{Heap after GC invocations=14 (full 0):
 garbage-first heap   total 15360K, used 6067K [0x00000000c2c00000, 0x0000000100000000)
  region size 1024K, 1 young (1024K), 1 survivors (1024K)
 Metaspace       used 8920K, committed 9088K, reserved 1064960K
  class space    used 985K, committed 1088K, reserved 1048576K
}
Event: 2.273 GC heap before
{Heap before GC invocations=14 (full 0):
 garbage-first heap   total 15360K, used 8115K [0x00000000c2c00000, 0x0000000100000000)
  region size 1024K, 4 young (4096K), 1 survivors (1024K)
 Metaspace       used 8959K, committed 9152K, reserved 1064960K
  class space    used 990K, committed 1088K, reserved 1048576K
}

