# JRE version: Java(TM) SE Runtime Environment (16.0.1+9) (build 16.0.1+9-24)
# Java VM: Java HotSpot(TM) 64-Bit Server VM (16.0.1+9-24, mixed mode, sharing, tiered, compressed oops, compressed class ptrs, g1 gc, windows-amd64)
GC Precious Log:
 CPUs: 2 total, 2 available
 Memory: 3918M
 Large Page Support: Disabled
 NUMA Support: Disabled
 Compressed Oops: Enabled (32-bit)
 Heap Region Size: 1M
 Heap Min Capacity: 8M
 Heap Initial Capacity: 8M
 Heap Max Capacity: 980M
 Pre-touch: Disabled
 Parallel Workers: 2
 Concurrent Workers: 1
 Concurrent Refinement Workers: 2
 Periodic GC: Disabled
Heap:
 garbage-first heap   total 18432K, used 8661K [0x00000000c2c00000, 0x0000000100000000)
  region size 1024K, 1 young (1024K), 1 survivors (1024K)
 Metaspace       used 9434K, committed 9600K, reserved 1064960K
  class space    used 1044K, committed 1088K, reserved 1048576K
GC Heap History (20 events):
Event: 2.491 GC heap after
{Heap after GC invocations=6 (full 0):
 garbage-first heap   total 10240K, used 2745K [0x00000000c2c00000, 0x0000000100000000)
  region size 1024K, 1 young (1024K), 1 survivors (1024K)
 Metaspace       used 7924K, committed 8128K, reserved 1064960K
  class space    used 883K, committed 960K, reserved 1048576K
}
Event: 2.914 GC heap before
{Heap before GC invocations=6 (full 0):
 garbage-first heap   total 10240K, used 4793K [0x00000000c2c00000, 0x0000000100000000)
  region size 1024K, 3 young (3072K), 1 survivors (1024K)
 Metaspace       used 8557K, committed 8704K, reserved 1064960K
  class space    used 951K, committed 1024K, reserved 1048576K
}
Event: 2.918 GC heap after
{Heap after GC invocations=7 (full 0):
 garbage-first heap   total 10240K, used 3453K [0x00000000c2c00000, 0x0000000100000000)
  region size 1024K, 1 young (1024K), 1 survivors (1024K)
 Metaspace       used 8557K, committed 8704K, reserved 1064960K
  class space    used 951K, committed 1024K, reserved 1048576K
}
Event: 3.125 GC heap before
{Heap before GC invocations=7 (full 0):
 garbage-first heap   total 10240K, used 5501K [0x00000000c2c00000, 0x0000000100000000)
  region size 1024K, 3 young (3072K), 1 survivors (1024K)
 Metaspace       used 8930K, committed 9024K, reserved 1064960K
  class space    used 997K, committed 1024K, reserved 1048576K
}
Event: 3.130 GC heap after
{Heap after GC invocations=8 (full 0):
 garbage-first heap   total 10240K, used 4317K [0x00000000c2c00000, 0x0000000100000000)
  region size 1024K, 1 young (1024K), 1 survivors (1024K)
 Metaspace       used 8930K, committed 9024K, reserved 1064960K
  class space    used 997K, committed 1024K, reserved 1048576K
}
Event: 3.165 GC heap before
{Heap before GC invocations=8 (full 0):
 garbage-first heap   total 10240K, used 5341K [0x00000000c2c00000, 0x0000000100000000)
  region size 1024K, 2 young (2048K), 1 survivors (1024K)
 Metaspace       used 8964K, committed 9088K, reserved 1064960K
  class space    used 1000K, committed 1024K, reserved 1048576K
}
Event: 3.170 GC heap after
{Heap after GC invocations=9 (full 0):
 garbage-first heap   total 10240K, used 4478K [0x00000000c2c00000, 0x0000000100000000)
  region size 1024K, 1 young (1024K), 1 survivors (1024K)
 Metaspace       used 8964K, committed 9088K, reserved 1064960K
  class space    used 1000K, committed 1024K, reserved 1048576K
}
Event: 3.194 GC heap before
{Heap before GC invocations=9 (full 0):
 garbage-first heap   total 10240K, used 5502K [0x00000000c2c00000, 0x0000000100000000)
  region size 1024K, 2 young (2048K), 1 survivors (1024K)
 Metaspace       used 8981K, committed 9088K, reserved 1064960K
  class space    used 1000K, committed 1024K, reserved 1048576K
}
Event: 3.195 GC heap after
{Heap after GC invocations=10 (full 0):
 garbage-first heap   total 10240K, used 4547K [0x00000000c2c00000, 0x0000000100000000)
  region size 1024K, 1 young (1024K), 1 survivors (1024K)
 Metaspace       used 8981K, committed 9088K, reserved 1064960K
  class space    used 1000K, committed 1024K, reserved 1048576K
}
Event: 3.347 GC heap before
{Heap before GC invocations=11 (full 0):
 garbage-first heap   total 12288K, used 5571K [0x00000000c2c00000, 0x0000000100000000)
  region size 1024K, 2 young (2048K), 1 survivors (1024K)
 Metaspace       used 9138K, committed 9280K, reserved 1064960K
  class space    used 1014K, committed 1088K, reserved 1048576K
}
Event: 3.349 GC heap after
{Heap after GC invocations=12 (full 0):
 garbage-first heap   total 12288K, used 4680K [0x00000000c2c00000, 0x0000000100000000)
  region size 1024K, 1 young (1024K), 1 survivors (1024K)
 Metaspace       used 9138K, committed 9280K, reserved 1064960K
  class space    used 1014K, committed 1088K, reserved 1048576K
}
Event: 3.424 GC heap before
{Heap before GC invocations=12 (full 0):
 garbage-first heap   total 12288K, used 6728K [0x00000000c2c00000, 0x0000000100000000)
  region size 1024K, 3 young (3072K), 1 survivors (1024K)
 Metaspace       used 9301K, committed 9408K, reserved 1064960K
  class space    used 1037K, committed 1088K, reserved 1048576K
}
Event: 3.427 GC heap after
{Heap after GC invocations=13 (full 0):
 garbage-first heap   total 18432K, used 5117K [0x00000000c2c00000, 0x0000000100000000)
  region size 1024K, 1 young (1024K), 1 survivors (1024K)
 Metaspace       used 9301K, committed 9408K, reserved 1064960K
  class space    used 1037K, committed 1088K, reserved 1048576K
}
Event: 3.506 GC heap before
{Heap before GC invocations=13 (full 0):
 garbage-first heap   total 18432K, used 10237K [0x00000000c2c00000, 0x0000000100000000)
  region size 1024K, 6 young (6144K), 1 survivors (1024K)
 Metaspace       used 9349K, committed 9536K, reserved 1064960K
  class space    used 1038K, committed 1088K, reserved 1048576K
}
Event: 3.511 GC heap after
{Heap after GC invocations=14 (full 0):
 garbage-first heap   total 18432K, used 5844K [0x00000000c2c00000, 0x0000000100000000)
  region size 1024K, 1 young (1024K), 1 survivors (1024K)
 Metaspace       used 9349K, committed 9536K, reserved 1064960K
  class space    used 1038K, committed 1088K, reserved 1048576K
}
Event: 3.850 GC heap before
{Heap before GC invocations=14 (full 0):
 garbage-first heap   total 18432K, used 10964K [0x00000000c2c00000, 0x0000000100000000)
  region size 1024K, 6 young (6144K), 1 survivors (1024K)
 Metaspace       used 9402K, committed 9536K, reserved 1064960K
  class space    used 1044K, committed 1088K, reserved 1048576K
}
Event: 3.862 GC heap after
{Heap after GC invocations=15 (full 0):
 garbage-first heap   total 18432K, used 6719K [0x00000000c2c00000, 0x0000000100000000)
  region size 1024K, 1 young (1024K), 1 survivors (1024K)
 Metaspace       used 9402K, committed 9536K, reserved 1064960K
  class space    used 1044K, committed 1088K, reserved 1048576K
}
Event: 3.905 GC heap before
{Heap before GC invocations=15 (full 0):
 garbage-first heap   total 18432K, used 10815K [0x00000000c2c00000, 0x0000000100000000)
  region size 1024K, 6 young (6144K), 1 survivors (1024K)
 Metaspace       used 9407K, committed 9600K, reserved 1064960K
  class space    used 1044K, committed 1088K, reserved 1048576K
}
Event: 3.911 GC heap after
{Heap after GC invocations=16 (full 0):
 garbage-first heap   total 18432K, used 7591K [0x00000000c2c00000, 0x0000000100000000)
  region size 1024K, 1 young (1024K), 1 survivors (1024K)
 Metaspace       used 9407K, committed 9600K, reserved 1064960K
  class space    used 1044K, committed 1088K, reserved 1048576K
}
Event: 4.001 GC heap before
{Heap before GC invocations=16 (full 0):
 garbage-first heap   total 18432K, used 11687K [0x00000000c2c00000, 0x0000000100000000)
  region size 1024K, 5 young (5120K), 1 survivors (1024K)
 Metaspace       used 9434K, committed 9600K, reserved 1064960K
  class space    used 1044K, committed 1088K, reserved 1048576K
}

