# JRE version: Java(TM) SE Runtime Environment (16.0.1+9) (build 16.0.1+9-24)
# Java VM: Java HotSpot(TM) 64-Bit Server VM (16.0.1+9-24, mixed mode, sharing, tiered, compressed oops, compressed class ptrs, g1 gc, windows-amd64)
GC Precious Log:
 CPUs: 2 total, 2 available
 Memory: 3918M
 Large Page Support: Disabled
 NUMA Support: Disabled
 Compressed Oops: Enabled (32-bit)
 Heap Region Size: 1M
 Heap Min Capacity: 8M
 Heap Initial Capacity: 8M
 Heap Max Capacity: 980M
 Pre-touch: Disabled
 Parallel Workers: 2
 Concurrent Workers: 1
 Concurrent Refinement Workers: 2
 Periodic GC: Disabled
Heap:
 garbage-first heap   total 12288K, used 5586K [0x00000000c2c00000, 0x0000000100000000)
  region size 1024K, 3 young (3072K), 1 survivors (1024K)
 Metaspace       used 9142K, committed 9280K, reserved 1064960K
  class space    used 1015K, committed 1088K, reserved 1048576K
GC Heap History (20 events):
Event: 0.823 GC heap before
{Heap before GC invocations=0 (full 0):
 garbage-first heap   total 8192K, used 3072K [0x00000000c2c00000, 0x0000000100000000)
  region size 1024K, 3 young (3072K), 0 survivors (0K)
 Metaspace       used 2496K, committed 2688K, reserved 1056768K
  class space    used 269K, committed 384K, reserved 1048576K
}
Event: 0.844 GC heap after
{Heap after GC invocations=1 (full 0):
 garbage-first heap   total 8192K, used 1101K [0x00000000c2c00000, 0x0000000100000000)
  region size 1024K, 1 young (1024K), 1 survivors (1024K)
 Metaspace       used 2496K, committed 2688K, reserved 1056768K
  class space    used 269K, committed 384K, reserved 1048576K
}
Event: 1.083 GC heap before
{Heap before GC invocations=1 (full 0):
 garbage-first heap   total 8192K, used 2125K [0x00000000c2c00000, 0x0000000100000000)
  region size 1024K, 2 young (2048K), 1 survivors (1024K)
 Metaspace       used 3889K, committed 4032K, reserved 1056768K
  class space    used 472K, committed 576K, reserved 1048576K
}
Event: 1.087 GC heap after
{Heap after GC invocations=2 (full 0):
 garbage-first heap   total 8192K, used 1625K [0x00000000c2c00000, 0x0000000100000000)
  region size 1024K, 1 young (1024K), 1 survivors (1024K)
 Metaspace       used 3889K, committed 4032K, reserved 1056768K
  class space    used 472K, committed 576K, reserved 1048576K
}
Event: 1.482 GC heap before
{Heap before GC invocations=2 (full 0):
 garbage-first heap   total 8192K, used 2649K [0x00000000c2c00000, 0x0000000100000000)
  region size 1024K, 2 young (2048K), 1 survivors (1024K)
 Metaspace       used 5953K, committed 6080K, reserved 1064960K
  class space    used 684K, committed 768K, reserved 1048576K
}
Event: 1.486 GC heap after
{Heap after GC invocations=3 (full 0):
 garbage-first heap   total 8192K, used 1946K [0x00000000c2c00000, 0x0000000100000000)
  region size 1024K, 1 young (1024K), 1 survivors (1024K)
 Metaspace       used 5953K, committed 6080K, reserved 1064960K
  class space    used 684K, committed 768K, reserved 1048576K
}
Event: 1.794 GC heap before
{Heap before GC invocations=3 (full 0):
 garbage-first heap   total 8192K, used 1946K [0x00000000c2c00000, 0x0000000100000000)
  region size 1024K, 2 young (2048K), 1 survivors (1024K)
 Metaspace       used 6959K, committed 7104K, reserved 1064960K
  class space    used 818K, committed 896K, reserved 1048576K
}
Event: 1.798 GC heap after
{Heap after GC invocations=4 (full 0):
 garbage-first heap   total 8192K, used 2287K [0x00000000c2c00000, 0x0000000100000000)
  region size 1024K, 1 young (1024K), 1 survivors (1024K)
 Metaspace       used 6959K, committed 7104K, reserved 1064960K
  class space    used 818K, committed 896K, reserved 1048576K
}
Event: 2.606 GC heap before
{Heap before GC invocations=4 (full 0):
 garbage-first heap   total 8192K, used 3311K [0x00000000c2c00000, 0x0000000100000000)
  region size 1024K, 2 young (2048K), 1 survivors (1024K)
 Metaspace       used 7770K, committed 7936K, reserved 1064960K
  class space    used 863K, committed 960K, reserved 1048576K
}
Event: 2.612 GC heap after
{Heap after GC invocations=5 (full 0):
 garbage-first heap   total 10240K, used 2559K [0x00000000c2c00000, 0x0000000100000000)
  region size 1024K, 1 young (1024K), 1 survivors (1024K)
 Metaspace       used 7770K, committed 7936K, reserved 1064960K
  class space    used 863K, committed 960K, reserved 1048576K
}
Event: 3.146 GC heap before
{Heap before GC invocations=5 (full 0):
 garbage-first heap   total 10240K, used 4607K [0x00000000c2c00000, 0x0000000100000000)
  region size 1024K, 3 young (3072K), 1 survivors (1024K)
 Metaspace       used 8212K, committed 8384K, reserved 1064960K
  class space    used 908K, committed 1024K, reserved 1048576K
}
Event: 3.150 GC heap after
{Heap after GC invocations=6 (full 0):
 garbage-first heap   total 10240K, used 3104K [0x00000000c2c00000, 0x0000000100000000)
  region size 1024K, 1 young (1024K), 1 survivors (1024K)
 Metaspace       used 8212K, committed 8384K, reserved 1064960K
  class space    used 908K, committed 1024K, reserved 1048576K
}
Event: 3.625 GC heap before
{Heap before GC invocations=6 (full 0):
 garbage-first heap   total 10240K, used 4128K [0x00000000c2c00000, 0x0000000100000000)
  region size 1024K, 3 young (3072K), 1 survivors (1024K)
 Metaspace       used 8765K, committed 8896K, reserved 1064960K
  class space    used 981K, committed 1024K, reserved 1048576K
}
Event: 3.633 GC heap after
{Heap after GC invocations=7 (full 0):
 garbage-first heap   total 10240K, used 4183K [0x00000000c2c00000, 0x0000000100000000)
  region size 1024K, 1 young (1024K), 1 survivors (1024K)
 Metaspace       used 8765K, committed 8896K, reserved 1064960K
  class space    used 981K, committed 1024K, reserved 1048576K
}
Event: 3.705 GC heap before
{Heap before GC invocations=7 (full 0):
 garbage-first heap   total 10240K, used 5207K [0x00000000c2c00000, 0x0000000100000000)
  region size 1024K, 2 young (2048K), 1 survivors (1024K)
 Metaspace       used 8934K, committed 9024K, reserved 1064960K
  class space    used 997K, committed 1024K, reserved 1048576K
}
Event: 3.710 GC heap after
{Heap after GC invocations=8 (full 0):
 garbage-first heap   total 10240K, used 4389K [0x00000000c2c00000, 0x0000000100000000)
  region size 1024K, 1 young (1024K), 1 survivors (1024K)
 Metaspace       used 8934K, committed 9024K, reserved 1064960K
  class space    used 997K, committed 1024K, reserved 1048576K
}
Event: 3.743 GC heap before
{Heap before GC invocations=8 (full 0):
 garbage-first heap   total 10240K, used 5413K [0x00000000c2c00000, 0x0000000100000000)
  region size 1024K, 2 young (2048K), 1 survivors (1024K)
 Metaspace       used 8969K, committed 9088K, reserved 1064960K
  class space    used 999K, committed 1024K, reserved 1048576K
}
Event: 3.745 GC heap after
{Heap after GC invocations=9 (full 0):
 garbage-first heap   total 10240K, used 4504K [0x00000000c2c00000, 0x0000000100000000)
  region size 1024K, 1 young (1024K), 1 survivors (1024K)
 Metaspace       used 8969K, committed 9088K, reserved 1064960K
  class space    used 999K, committed 1024K, reserved 1048576K
}
Event: 3.786 GC heap before
{Heap before GC invocations=10 (full 0):
 garbage-first heap   total 12288K, used 5528K [0x00000000c2c00000, 0x0000000100000000)
  region size 1024K, 2 young (2048K), 1 survivors (1024K)
 Metaspace       used 8985K, committed 9088K, reserved 1064960K
  class space    used 1000K, committed 1024K, reserved 1048576K
}
Event: 3.789 GC heap after
{Heap after GC invocations=11 (full 0):
 garbage-first heap   total 12288K, used 4562K [0x00000000c2c00000, 0x0000000100000000)
  region size 1024K, 1 young (1024K), 1 survivors (1024K)
 Metaspace       used 8985K, committed 9088K, reserved 1064960K
  class space    used 1000K, committed 1024K, reserved 1048576K
}

